This file contains any messages produced by compilers while
running configure, to aid debugging if configure makes a mistake.

It was created by configure, which was
generated by GNU Autoconf 2.69.  Invocation command line was

  $ ./configure 

## --------- ##
## Platform. ##
## --------- ##

hostname = LEI-MBP.local
uname -m = x86_64
uname -r = 15.5.0
uname -s = Darwin
uname -v = Darwin Kernel Version 15.5.0: Tue Apr 19 18:36:36 PDT 2016; root:xnu-3248.50.21~8/RELEASE_X86_64

/usr/bin/uname -p = i386
/bin/uname -X     = unknown

/bin/arch              = unknown
/usr/bin/arch -k       = unknown
/usr/convex/getsysinfo = unknown
/usr/bin/hostinfo      = Mach kernel version:
	 Darwin Kernel Version 15.5.0: Tue Apr 19 18:36:36 PDT 2016; root:xnu-3248.50.21~8/RELEASE_X86_64
Kernel configured for up to 8 processors.
4 processors are physically available.
8 processors are logically available.
Processor type: x86_64h (Intel x86-64h Haswell)
Processors active: 0 1 2 3 4 5 6 7
Primary memory available: 16.00 gigabytes
Default processor set: 337 tasks, 2322 threads, 8 processors
Load average: 1.26, Mach factor: 6.73
/bin/machine           = unknown
/usr/bin/oslevel       = unknown
/bin/universe          = unknown

PATH: /opt/iOSOpenDev/bin
PATH: /Users/lee/.cargo/bin
PATH: /Users/lee/.rvm/gems/ruby-2.3.0/bin
PATH: /Users/lee/.rvm/gems/ruby-2.3.0@global/bin
PATH: /Users/lee/.rvm/rubies/ruby-2.3.0/bin
PATH: /Users/lee/.nvm/versions/node/v5.6.0/bin
PATH: /Users/lee/bin
PATH: /usr/local/bin
PATH: /usr/local/bin
PATH: /usr/local/sbin
PATH: /usr/bin
PATH: /bin
PATH: /usr/sbin
PATH: /sbin
PATH: /usr/local/aria2/bin
PATH: /Users/lee/Workspace/Android/sdk/platform-tools
PATH: /usr/local/opt/nvm/versions/io.js/v2.4.0/bin/
PATH: /Users/lee/Workspace/golang/bin
PATH: /usr/local/opt/go/libexec/bin
PATH: /Users/lee/.rvm/bin
PATH: /Library/Java/JavaVirtualMachines/jdk1.8.0_91.jdk/Contents/Home/bin
PATH: /Users/lee/Workspace/MS/Outlook/source/run/bin
PATH: /Users/lee/Workspace/MS/Outlook/source/gradle/bin


## ----------- ##
## Core tests. ##
## ----------- ##

configure:2243: checking for a BSD-compatible install
configure:2311: result: /usr/bin/install -c
configure:2322: checking whether build environment is sane
configure:2372: result: yes
configure:2513: checking for a thread-safe mkdir -p
configure:2552: result: ./install-sh -c -d
configure:2565: checking for gawk
configure:2595: result: no
configure:2565: checking for mawk
configure:2595: result: no
configure:2565: checking for nawk
configure:2595: result: no
configure:2565: checking for awk
configure:2581: found /usr/bin/awk
configure:2592: result: awk
configure:2603: checking whether make sets $(MAKE)
configure:2625: result: yes
configure:2707: checking whether to enable maintainer-specific portions of Makefiles
configure:2716: result: no
configure:2778: checking for gcc
configure:2805: result: xcrun --sdk macosx gcc
configure:3034: checking for C compiler version
configure:3043: xcrun --sdk macosx gcc --version >&5
Apple LLVM version 7.3.0 (clang-703.0.31)
Target: x86_64-apple-darwin15.5.0
Thread model: posix
InstalledDir: /Applications/Xcode.app/Contents/Developer/Toolchains/XcodeDefault.xctoolchain/usr/bin
Configured with: --prefix=/Applications/Xcode.app/Contents/Developer/usr --with-gxx-include-dir=/Applications/Xcode.app/Contents/Developer/Platforms/MacOSX.platform/Developer/SDKs/MacOSX10.11.sdk/usr/include/c++/4.2.1
configure:3054: $? = 0
configure:3043: xcrun --sdk macosx gcc -v >&5
Configured with: --prefix=/Applications/Xcode.app/Contents/Developer/usr --with-gxx-include-dir=/Applications/Xcode.app/Contents/Developer/Platforms/MacOSX.platform/Developer/SDKs/MacOSX10.11.sdk/usr/include/c++/4.2.1
Apple LLVM version 7.3.0 (clang-703.0.31)
Target: x86_64-apple-darwin15.5.0
Thread model: posix
InstalledDir: /Applications/Xcode.app/Contents/Developer/Toolchains/XcodeDefault.xctoolchain/usr/bin
configure:3054: $? = 0
configure:3043: xcrun --sdk macosx gcc -V >&5
clang: error: argument to '-V' is missing (expected 1 value)
clang: error: no input files
configure:3054: $? = 1
configure:3043: xcrun --sdk macosx gcc -qversion >&5
clang: error: unknown argument: '-qversion'
clang: error: no input files
configure:3054: $? = 1
configure:3074: checking whether the C compiler works
configure:3096: xcrun --sdk macosx gcc -arch i386 -isysroot /Applications/Xcode.app/Contents/Developer/Platforms/MacOSX.platform/Developer/SDKs/MacOSX10.11.sdk  -w   conftest.c  >&5
configure:3100: $? = 0
configure:3148: result: yes
configure:3151: checking for C compiler default output file name
configure:3153: result: a.out
configure:3159: checking for suffix of executables
configure:3166: xcrun --sdk macosx gcc -o conftest -arch i386 -isysroot /Applications/Xcode.app/Contents/Developer/Platforms/MacOSX.platform/Developer/SDKs/MacOSX10.11.sdk  -w   conftest.c  >&5
configure:3170: $? = 0
configure:3192: result: 
configure:3214: checking whether we are cross compiling
configure:3222: xcrun --sdk macosx gcc -o conftest -arch i386 -isysroot /Applications/Xcode.app/Contents/Developer/Platforms/MacOSX.platform/Developer/SDKs/MacOSX10.11.sdk  -w   conftest.c  >&5
configure:3226: $? = 0
configure:3233: ./conftest
configure:3237: $? = 0
configure:3252: result: no
configure:3257: checking for suffix of object files
configure:3279: xcrun --sdk macosx gcc -c -arch i386 -isysroot /Applications/Xcode.app/Contents/Developer/Platforms/MacOSX.platform/Developer/SDKs/MacOSX10.11.sdk  -w  conftest.c >&5
configure:3283: $? = 0
configure:3304: result: o
configure:3308: checking whether we are using the GNU C compiler
configure:3327: xcrun --sdk macosx gcc -c -arch i386 -isysroot /Applications/Xcode.app/Contents/Developer/Platforms/MacOSX.platform/Developer/SDKs/MacOSX10.11.sdk  -w  conftest.c >&5
configure:3327: $? = 0
configure:3336: result: yes
configure:3345: checking whether xcrun --sdk macosx gcc accepts -g
configure:3365: xcrun --sdk macosx gcc -c -g  conftest.c >&5
configure:3365: $? = 0
configure:3406: result: yes
configure:3423: checking for xcrun --sdk macosx gcc option to accept ISO C89
configure:3486: xcrun --sdk macosx gcc  -c -arch i386 -isysroot /Applications/Xcode.app/Contents/Developer/Platforms/MacOSX.platform/Developer/SDKs/MacOSX10.11.sdk  -w  conftest.c >&5
configure:3486: $? = 0
configure:3499: result: none needed
configure:3530: checking for style of include used by make
configure:3558: result: GNU
configure:3584: checking dependency style of xcrun --sdk macosx gcc
configure:3695: result: gcc3
configure:3747: checking build system type
configure:3761: result: i386-apple-darwin15.5.0
configure:3781: checking host system type
configure:3794: result: i386-apple-darwin15.5.0
configure:3835: checking how to print strings
configure:3862: result: printf
configure:3883: checking for a sed that does not truncate output
configure:3947: result: /usr/local/bin/gsed
configure:3965: checking for grep that handles long lines and -e
configure:4023: result: /usr/bin/grep
configure:4028: checking for egrep
configure:4090: result: /usr/bin/grep -E
configure:4095: checking for fgrep
configure:4157: result: /usr/bin/grep -F
configure:4192: checking for ld used by xcrun --sdk macosx gcc
configure:4259: result: /Applications/Xcode.app/Contents/Developer/Toolchains/XcodeDefault.xctoolchain/usr/bin/ld
configure:4266: checking if the linker (/Applications/Xcode.app/Contents/Developer/Toolchains/XcodeDefault.xctoolchain/usr/bin/ld) is GNU ld
configure:4281: result: no
configure:4293: checking for BSD- or MS-compatible name lister (nm)
configure:4342: result: xcrun --sdk macosx nm
configure:4472: checking the name lister (xcrun --sdk macosx nm) interface
configure:4479: xcrun --sdk macosx gcc -c -arch i386 -isysroot /Applications/Xcode.app/Contents/Developer/Platforms/MacOSX.platform/Developer/SDKs/MacOSX10.11.sdk  -w  conftest.c >&5
configure:4482: xcrun --sdk macosx nm "conftest.o"
configure:4485: output
00000000 S _some_variable
configure:4492: result: BSD nm
configure:4495: checking whether ln -s works
configure:4499: result: yes
configure:4507: checking the maximum length of command line arguments
configure:4637: result: 196608
configure:4654: checking whether the shell understands some XSI constructs
configure:4664: result: yes
configure:4668: checking whether the shell understands "+="
configure:4674: result: yes
configure:4709: checking how to convert i386-apple-darwin15.5.0 file names to i386-apple-darwin15.5.0 format
configure:4749: result: func_convert_file_noop
configure:4756: checking how to convert i386-apple-darwin15.5.0 file names to toolchain format
configure:4776: result: func_convert_file_noop
configure:4783: checking for /Applications/Xcode.app/Contents/Developer/Toolchains/XcodeDefault.xctoolchain/usr/bin/ld option to reload object files
configure:4790: result: -r
configure:4864: checking for objdump
configure:4894: result: no
configure:4923: checking how to recognize dependent libraries
configure:5121: result: pass_all
configure:5206: checking for dlltool
configure:5236: result: no
configure:5266: checking how to associate runtime and link libraries
configure:5293: result: printf %s\n
configure:5418: checking for archiver @FILE support
configure:5435: xcrun --sdk macosx gcc -c -arch i386 -isysroot /Applications/Xcode.app/Contents/Developer/Platforms/MacOSX.platform/Developer/SDKs/MacOSX10.11.sdk  -w  conftest.c >&5
configure:5435: $? = 0
configure:5438: xcrun --sdk macosx ar cru libconftest.a @conftest.lst >&5
ar: @conftest.lst: No such file or directory
configure:5441: $? = 1
configure:5461: result: no
configure:5519: checking for strip
configure:5535: found /usr/bin/strip
configure:5546: result: strip
configure:5618: checking for ranlib
configure:5634: found /usr/bin/ranlib
configure:5645: result: ranlib
configure:5747: checking command to parse xcrun --sdk macosx nm output from xcrun --sdk macosx gcc object
configure:5867: xcrun --sdk macosx gcc -c -arch i386 -isysroot /Applications/Xcode.app/Contents/Developer/Platforms/MacOSX.platform/Developer/SDKs/MacOSX10.11.sdk  -w  conftest.c >&5
configure:5870: $? = 0
configure:5874: xcrun --sdk macosx nm conftest.o \| sed -n -e 's/^.*[ ]\([BCDEGRST][BCDEGRST]*\)[ ][ ]*\([_A-Za-z][_A-Za-z0-9]*\)$/\1 \2 \2/p' | sed '/ __gnu_lto/d' \> conftest.nm
configure:5877: $? = 0
cannot find nm_test_var in conftest.nm
configure:5867: xcrun --sdk macosx gcc -c -arch i386 -isysroot /Applications/Xcode.app/Contents/Developer/Platforms/MacOSX.platform/Developer/SDKs/MacOSX10.11.sdk  -w  conftest.c >&5
configure:5870: $? = 0
configure:5874: xcrun --sdk macosx nm conftest.o \| sed -n -e 's/^.*[ ]\([BCDEGRST][BCDEGRST]*\)[ ][ ]*_\([_A-Za-z][_A-Za-z0-9]*\)$/\1 _\2 \2/p' | sed '/ __gnu_lto/d' \> conftest.nm
configure:5877: $? = 0
configure:5943: xcrun --sdk macosx gcc -o conftest -arch i386 -isysroot /Applications/Xcode.app/Contents/Developer/Platforms/MacOSX.platform/Developer/SDKs/MacOSX10.11.sdk  -w   conftest.c conftstm.o >&5
configure:5946: $? = 0
configure:5984: result: ok
configure:6021: checking for sysroot
configure:6051: result: no
configure:6307: checking for mt
configure:6337: result: no
configure:6357: checking if : is a manifest tool
configure:6363: : '-?'
configure:6371: result: no
configure:6427: checking for dsymutil
configure:6443: found /usr/bin/dsymutil
configure:6454: result: dsymutil
configure:6519: checking for nmedit
configure:6535: found /usr/bin/nmedit
configure:6546: result: nmedit
configure:6611: checking for lipo
configure:6627: found /usr/bin/lipo
configure:6638: result: lipo
configure:6703: checking for otool
configure:6719: found /usr/bin/otool
configure:6730: result: otool
configure:6795: checking for otool64
configure:6825: result: no
configure:6870: checking for -single_module linker flag
xcrun --sdk macosx gcc -arch i386 -isysroot /Applications/Xcode.app/Contents/Developer/Platforms/MacOSX.platform/Developer/SDKs/MacOSX10.11.sdk  -w  -o libconftest.dylib -dynamiclib -Wl,-single_module conftest.c
configure:6903: result: yes
configure:6906: checking for -exported_symbols_list linker flag
configure:6926: xcrun --sdk macosx gcc -o conftest -arch i386 -isysroot /Applications/Xcode.app/Contents/Developer/Platforms/MacOSX.platform/Developer/SDKs/MacOSX10.11.sdk  -w   -Wl,-exported_symbols_list,conftest.sym conftest.c  >&5
configure:6926: $? = 0
configure:6936: result: yes
configure:6939: checking for -force_load linker flag
xcrun --sdk macosx gcc -arch i386 -isysroot /Applications/Xcode.app/Contents/Developer/Platforms/MacOSX.platform/Developer/SDKs/MacOSX10.11.sdk  -w -c -o conftest.o conftest.c
xcrun --sdk macosx ar cru libconftest.a conftest.o
ranlib libconftest.a
xcrun --sdk macosx gcc -arch i386 -isysroot /Applications/Xcode.app/Contents/Developer/Platforms/MacOSX.platform/Developer/SDKs/MacOSX10.11.sdk  -w  -o conftest conftest.c -Wl,-force_load,./libconftest.a
configure:6971: result: yes
configure:7013: checking how to run the C preprocessor
configure:7083: result: xcrun --sdk macosx llvm-cpp-4.2
configure:7103: xcrun --sdk macosx llvm-cpp-4.2  conftest.c
xcrun: error: unable to find utility "llvm-cpp-4.2", not a developer tool or in PATH
configure:7103: $? = 72
configure: failed program was:
| /* confdefs.h */
| #define PACKAGE_NAME ""
| #define PACKAGE_TARNAME ""
| #define PACKAGE_VERSION ""
| #define PACKAGE_STRING ""
| #define PACKAGE_BUGREPORT ""
| #define PACKAGE_URL ""
| #define PACKAGE "libev"
| #define VERSION "4.15"
| /* end confdefs.h.  */
| #ifdef __STDC__
| # include <limits.h>
| #else
| # include <assert.h>
| #endif
| 		     Syntax error
configure:7103: xcrun --sdk macosx llvm-cpp-4.2  conftest.c
xcrun: error: unable to find utility "llvm-cpp-4.2", not a developer tool or in PATH
configure:7103: $? = 72
configure: failed program was:
| /* confdefs.h */
| #define PACKAGE_NAME ""
| #define PACKAGE_TARNAME ""
| #define PACKAGE_VERSION ""
| #define PACKAGE_STRING ""
| #define PACKAGE_BUGREPORT ""
| #define PACKAGE_URL ""
| #define PACKAGE "libev"
| #define VERSION "4.15"
| /* end confdefs.h.  */
| #ifdef __STDC__
| # include <limits.h>
| #else
| # include <assert.h>
| #endif
| 		     Syntax error
configure:7133: error: in `/Users/lee/Workspace/Projects/Potatso/iOS/Library/libev/src/libev-4.15':
configure:7135: error: C preprocessor "xcrun --sdk macosx llvm-cpp-4.2" fails sanity check
See `config.log' for more details

## ---------------- ##
## Cache variables. ##
## ---------------- ##

ac_cv_build=i386-apple-darwin15.5.0
ac_cv_c_compiler_gnu=yes
ac_cv_env_CC_set=set
ac_cv_env_CC_value='xcrun --sdk macosx gcc'
ac_cv_env_CFLAGS_set=set
ac_cv_env_CFLAGS_value='-arch i386 -isysroot /Applications/Xcode.app/Contents/Developer/Platforms/MacOSX.platform/Developer/SDKs/MacOSX10.11.sdk  -w'
ac_cv_env_CPPFLAGS_set=
ac_cv_env_CPPFLAGS_value=
ac_cv_env_CPP_set=set
ac_cv_env_CPP_value='xcrun --sdk macosx llvm-cpp-4.2'
ac_cv_env_LDFLAGS_set=
ac_cv_env_LDFLAGS_value=
ac_cv_env_LIBS_set=
ac_cv_env_LIBS_value=
ac_cv_env_build_alias_set=
ac_cv_env_build_alias_value=
ac_cv_env_host_alias_set=
ac_cv_env_host_alias_value=
ac_cv_env_target_alias_set=
ac_cv_env_target_alias_value=
ac_cv_host=i386-apple-darwin15.5.0
ac_cv_objext=o
ac_cv_path_EGREP='/usr/bin/grep -E'
ac_cv_path_FGREP='/usr/bin/grep -F'
ac_cv_path_GREP=/usr/bin/grep
ac_cv_path_SED=/usr/local/bin/gsed
ac_cv_path_install='/usr/bin/install -c'
ac_cv_prog_AWK=awk
ac_cv_prog_CPP='xcrun --sdk macosx llvm-cpp-4.2'
ac_cv_prog_ac_ct_CC='xcrun --sdk macosx gcc'
ac_cv_prog_ac_ct_DSYMUTIL=dsymutil
ac_cv_prog_ac_ct_LIPO=lipo
ac_cv_prog_ac_ct_NMEDIT=nmedit
ac_cv_prog_ac_ct_OTOOL=otool
ac_cv_prog_ac_ct_RANLIB=ranlib
ac_cv_prog_ac_ct_STRIP=strip
ac_cv_prog_cc_c89=
ac_cv_prog_cc_g=yes
ac_cv_prog_make_make_set=yes
am_cv_CC_dependencies_compiler_type=gcc3
lt_cv_apple_cc_single_mod=yes
lt_cv_ar_at_file=no
lt_cv_deplibs_check_method=pass_all
lt_cv_file_magic_cmd='$MAGIC_CMD'
lt_cv_file_magic_test_file=
lt_cv_ld_exported_symbols_list=yes
lt_cv_ld_force_load=yes
lt_cv_ld_reload_flag=-r
lt_cv_nm_interface='BSD nm'
lt_cv_path_LD=/Applications/Xcode.app/Contents/Developer/Toolchains/XcodeDefault.xctoolchain/usr/bin/ld
lt_cv_path_NM='xcrun --sdk macosx nm'
lt_cv_path_mainfest_tool=no
lt_cv_prog_gnu_ld=no
lt_cv_sharedlib_from_linklib_cmd='printf %s\n'
lt_cv_sys_global_symbol_pipe='sed -n -e '\''s/^.*[	 ]\([BCDEGRST][BCDEGRST]*\)[	 ][	 ]*_\([_A-Za-z][_A-Za-z0-9]*\)$/\1 _\2 \2/p'\'' | sed '\''/ __gnu_lto/d'\'''
lt_cv_sys_global_symbol_to_c_name_address='sed -n -e '\''s/^: \([^ ]*\)[ ]*$/  {\"\1\", (void *) 0},/p'\'' -e '\''s/^[BCDEGRST]* \([^ ]*\) \([^ ]*\)$/  {"\2", (void *) \&\2},/p'\'''
lt_cv_sys_global_symbol_to_c_name_address_lib_prefix='sed -n -e '\''s/^: \([^ ]*\)[ ]*$/  {\"\1\", (void *) 0},/p'\'' -e '\''s/^[BCDEGRST]* \([^ ]*\) \(lib[^ ]*\)$/  {"\2", (void *) \&\2},/p'\'' -e '\''s/^[BCDEGRST]* \([^ ]*\) \([^ ]*\)$/  {"lib\2", (void *) \&\2},/p'\'''
lt_cv_sys_global_symbol_to_cdecl='sed -n -e '\''s/^T .* \(.*\)$/extern int \1();/p'\'' -e '\''s/^[BCDEGRST]* .* \(.*\)$/extern char \1;/p'\'''
lt_cv_sys_max_cmd_len=196608
lt_cv_to_host_file_cmd=func_convert_file_noop
lt_cv_to_tool_file_cmd=func_convert_file_noop

## ----------------- ##
## Output variables. ##
## ----------------- ##

ACLOCAL='${SHELL} /Users/lee/Workspace/Projects/Potatso/iOS/Library/libev/src/libev-4.15/missing --run aclocal-1.11'
AMDEPBACKSLASH='\'
AMDEP_FALSE='#'
AMDEP_TRUE=''
AMTAR='$${TAR-tar}'
AR='xcrun --sdk macosx ar'
AUTOCONF='${SHELL} /Users/lee/Workspace/Projects/Potatso/iOS/Library/libev/src/libev-4.15/missing --run autoconf'
AUTOHEADER='${SHELL} /Users/lee/Workspace/Projects/Potatso/iOS/Library/libev/src/libev-4.15/missing --run autoheader'
AUTOMAKE='${SHELL} /Users/lee/Workspace/Projects/Potatso/iOS/Library/libev/src/libev-4.15/missing --run automake-1.11'
AWK='awk'
CC='xcrun --sdk macosx gcc'
CCDEPMODE='depmode=gcc3'
CFLAGS='-arch i386 -isysroot /Applications/Xcode.app/Contents/Developer/Platforms/MacOSX.platform/Developer/SDKs/MacOSX10.11.sdk  -w'
CPP='xcrun --sdk macosx llvm-cpp-4.2'
CPPFLAGS=''
CYGPATH_W='echo'
DEFS=''
DEPDIR='.deps'
DLLTOOL='false'
DSYMUTIL='dsymutil'
DUMPBIN=''
ECHO_C='\c'
ECHO_N=''
ECHO_T=''
EGREP='/usr/bin/grep -E'
EXEEXT=''
FGREP='/usr/bin/grep -F'
GREP='/usr/bin/grep'
INSTALL_DATA='${INSTALL} -m 644'
INSTALL_PROGRAM='${INSTALL}'
INSTALL_SCRIPT='${INSTALL}'
INSTALL_STRIP_PROGRAM='$(install_sh) -c -s'
LD='/Applications/Xcode.app/Contents/Developer/Toolchains/XcodeDefault.xctoolchain/usr/bin/ld'
LDFLAGS=''
LIBOBJS=''
LIBS=''
LIBTOOL=''
LIPO='lipo'
LN_S='ln -s'
LTLIBOBJS=''
MAINT='#'
MAINTAINER_MODE_FALSE=''
MAINTAINER_MODE_TRUE='#'
MAKEINFO='${SHELL} /Users/lee/Workspace/Projects/Potatso/iOS/Library/libev/src/libev-4.15/missing --run makeinfo'
MANIFEST_TOOL=':'
MKDIR_P='./install-sh -c -d'
NM='xcrun --sdk macosx nm'
NMEDIT='nmedit'
OBJDUMP='false'
OBJEXT='o'
OTOOL64=':'
OTOOL='otool'
PACKAGE='libev'
PACKAGE_BUGREPORT=''
PACKAGE_NAME=''
PACKAGE_STRING=''
PACKAGE_TARNAME=''
PACKAGE_URL=''
PACKAGE_VERSION=''
PATH_SEPARATOR=':'
RANLIB='ranlib'
SED='/usr/local/bin/gsed'
SET_MAKE=''
SHELL='/bin/sh'
STRIP='strip'
VERSION='4.15'
ac_ct_AR=''
ac_ct_CC='xcrun --sdk macosx gcc'
ac_ct_DUMPBIN=''
am__EXEEXT_FALSE=''
am__EXEEXT_TRUE=''
am__fastdepCC_FALSE='#'
am__fastdepCC_TRUE=''
am__include='include'
am__isrc=''
am__leading_dot='.'
am__nodep='_no'
am__quote=''
am__tar='$${TAR-tar} chof - "$$tardir"'
am__untar='$${TAR-tar} xf -'
bindir='${exec_prefix}/bin'
build='i386-apple-darwin15.5.0'
build_alias=''
build_cpu='i386'
build_os='darwin15.5.0'
build_vendor='apple'
datadir='${datarootdir}'
datarootdir='${prefix}/share'
docdir='${datarootdir}/doc/${PACKAGE}'
dvidir='${docdir}'
exec_prefix='NONE'
host='i386-apple-darwin15.5.0'
host_alias=''
host_cpu='i386'
host_os='darwin15.5.0'
host_vendor='apple'
htmldir='${docdir}'
includedir='${prefix}/include'
infodir='${datarootdir}/info'
install_sh='${SHELL} /Users/lee/Workspace/Projects/Potatso/iOS/Library/libev/src/libev-4.15/install-sh'
libdir='${exec_prefix}/lib'
libexecdir='${exec_prefix}/libexec'
localedir='${datarootdir}/locale'
localstatedir='${prefix}/var'
mandir='${datarootdir}/man'
mkdir_p='$(top_builddir)/./install-sh -c -d'
oldincludedir='/usr/include'
pdfdir='${docdir}'
prefix='NONE'
program_transform_name='s,x,x,'
psdir='${docdir}'
sbindir='${exec_prefix}/sbin'
sharedstatedir='${prefix}/com'
sysconfdir='${prefix}/etc'
target_alias=''

## ----------- ##
## confdefs.h. ##
## ----------- ##

/* confdefs.h */
#define PACKAGE_NAME ""
#define PACKAGE_TARNAME ""
#define PACKAGE_VERSION ""
#define PACKAGE_STRING ""
#define PACKAGE_BUGREPORT ""
#define PACKAGE_URL ""
#define PACKAGE "libev"
#define VERSION "4.15"

configure: exit 1
